<?xml version="1.0" encoding="UTF-8"?>
<!-- Generated by org.testng.reporters.JUnitReportReporter -->
<testsuite skipped="0" hostname="Lenovo" name="org.mav.TestngParallel" tests="4" failures="0" timestamp="19 Aug 2021 01:30:53 GMT" time="0.089" errors="0">
  <testcase name="test3" time="0.008" classname="org.mav.TestngParallel"/>
  <testcase name="test4" time="0.018" classname="org.mav.TestngParallel"/>
  <testcase name="test2" time="0.008" classname="org.mav.TestngParallel"/>
  <testcase name="test1" time="0.055" classname="org.mav.TestngParallel"/>
</testsuite> <!-- org.mav.TestngParallel -->
