<?xml version="1.0" encoding="UTF-8"?>
<!-- Generated by org.testng.reporters.JUnitReportReporter -->
<testsuite skipped="0" hostname="Lenovo" name="TestngLearn2" tests="1" failures="0" timestamp="17 Aug 2021 05:43:53 GMT" time="25.645" errors="0">
  <testcase name="loginpage" time="25.645" classname="TestngLearn2"/>
</testsuite> <!-- TestngLearn2 -->
