<?xml version="1.0" encoding="UTF-8"?>
<!-- Generated by org.testng.reporters.JUnitReportReporter -->
<testsuite skipped="0" hostname="Lenovo" name="org.mav.TestngHard2" tests="1" failures="0" timestamp="17 Aug 2021 13:20:15 GMT" time="14.650" errors="0">
  <testcase name="test" time="14.650" classname="org.mav.TestngHard2"/>
</testsuite> <!-- org.mav.TestngHard2 -->
