<?xml version="1.0" encoding="UTF-8"?>
<!-- Generated by org.testng.reporters.JUnitReportReporter -->
<testsuite skipped="1" hostname="Lenovo" name="org.mav.TestngLearn1" tests="7" failures="0" timestamp="16 Aug 2021 13:19:31 GMT" time="0.160" errors="0">
  <testcase name="Testing4" time="0.020" classname="org.mav.TestngLearn1"/>
  <testcase name="Testing" time="0.028" classname="org.mav.TestngLearn1"/>
  <testcase name="Testing1" time="0.016" classname="org.mav.TestngLearn1"/>
  <testcase name="Testing3" time="0.014" classname="org.mav.TestngLearn1"/>
  <testcase name="Testing3" time="0.060" classname="org.mav.TestngLearn1"/>
  <testcase name="Testing3" time="0.022" classname="org.mav.TestngLearn1"/>
  <testcase name="Testing2" classname="org.mav.TestngLearn1">
    <skipped/>
  </testcase> <!-- Testing2 -->
</testsuite> <!-- org.mav.TestngLearn1 -->
