<?xml version="1.0" encoding="UTF-8"?>
<!-- Generated by org.testng.reporters.JUnitReportReporter -->
<testsuite skipped="0" hostname="Lenovo" name="org.mav.TestngGroup" tests="3" failures="0" timestamp="19 Aug 2021 00:23:26 GMT" time="0.054" errors="0">
  <testcase name="test2" time="0.036" classname="org.mav.TestngGroup"/>
  <testcase name="test4" time="0.010" classname="org.mav.TestngGroup"/>
  <testcase name="test5" time="0.008" classname="org.mav.TestngGroup"/>
</testsuite> <!-- org.mav.TestngGroup -->
