<?xml version="1.0" encoding="UTF-8"?>
<!-- Generated by org.testng.reporters.JUnitReportReporter -->
<testsuite skipped="0" hostname="Lenovo" name="org.mav.TestngLearn" tests="1" failures="0" timestamp="16 Aug 2021 07:44:38 GMT" time="0.034" errors="0">
  <testcase name="testing" time="0.034" classname="org.mav.TestngLearn"/>
</testsuite> <!-- org.mav.TestngLearn -->
