<?xml version="1.0" encoding="UTF-8"?>
<!-- Generated by org.testng.reporters.JUnitReportReporter -->
<testsuite skipped="0" hostname="Lenovo" name="org.mav.TestngLearning1" tests="5" failures="0" timestamp="17 Aug 2021 06:05:05 GMT" time="0.040" errors="0">
  <testcase name="test6" time="0.005" classname="org.mav.TestngLearning1"/>
  <testcase name="test9" time="0.006" classname="org.mav.TestngLearning1"/>
  <testcase name="test8" time="0.005" classname="org.mav.TestngLearning1"/>
  <testcase name="test7" time="0.010" classname="org.mav.TestngLearning1"/>
  <testcase name="test10" time="0.014" classname="org.mav.TestngLearning1"/>
</testsuite> <!-- org.mav.TestngLearning1 -->
