<?xml version="1.0" encoding="UTF-8"?>
<!-- Generated by org.testng.reporters.JUnitReportReporter -->
<testsuite skipped="0" hostname="Lenovo" name="org.mav.TestngSoft" tests="1" failures="0" timestamp="17 Aug 2021 13:42:30 GMT" time="21.262" errors="0">
  <testcase name="test" time="21.262" classname="org.mav.TestngSoft"/>
</testsuite> <!-- org.mav.TestngSoft -->
