<?xml version="1.0" encoding="UTF-8"?>
<!-- Generated by org.testng.reporters.JUnitReportReporter -->
<testsuite skipped="0" hostname="Lenovo" name="org.mav.TestngMethods1" tests="15" failures="0" timestamp="19 Aug 2021 15:54:22 GMT" time="769.147" errors="0">
  <testcase name="Browser1" time="45.235" classname="org.mav.TestngMethods1"/>
  <testcase name="Browser3" time="57.021" classname="org.mav.TestngMethods1"/>
  <testcase name="Browser4" time="43.900" classname="org.mav.TestngMethods1"/>
  <testcase name="Browser2" time="74.311" classname="org.mav.TestngMethods1"/>
  <testcase name="Browser2" time="59.526" classname="org.mav.TestngMethods1"/>
  <testcase name="Browser4" time="32.769" classname="org.mav.TestngMethods1"/>
  <testcase name="Browser4" time="44.330" classname="org.mav.TestngMethods1"/>
  <testcase name="Browser1" time="39.665" classname="org.mav.TestngMethods1"/>
  <testcase name="Browser3" time="60.086" classname="org.mav.TestngMethods1"/>
  <testcase name="Browser2" time="63.018" classname="org.mav.TestngMethods1"/>
  <testcase name="Browser" time="45.223" classname="org.mav.TestngMethods1"/>
  <testcase name="Browser" time="48.499" classname="org.mav.TestngMethods1"/>
  <testcase name="Browser1" time="46.720" classname="org.mav.TestngMethods1"/>
  <testcase name="Browser3" time="52.432" classname="org.mav.TestngMethods1"/>
  <testcase name="Browser" time="56.412" classname="org.mav.TestngMethods1"/>
</testsuite> <!-- org.mav.TestngMethods1 -->
