<?xml version="1.0" encoding="UTF-8"?>
<!-- Generated by org.testng.reporters.JUnitReportReporter -->
<testsuite skipped="0" hostname="Lenovo" name="org.mav.TestngHard1" tests="1" failures="0" timestamp="17 Aug 2021 13:15:40 GMT" time="18.848" errors="0">
  <testcase name="test" time="18.848" classname="org.mav.TestngHard1"/>
</testsuite> <!-- org.mav.TestngHard1 -->
