<?xml version="1.0" encoding="UTF-8"?>
<!-- Generated by org.testng.reporters.JUnitReportReporter -->
<testsuite skipped="0" hostname="Lenovo" name="org.mav.TestngParallel1" tests="4" failures="0" timestamp="19 Aug 2021 01:30:53 GMT" time="0.135" errors="0">
  <testcase name="test5" time="0.035" classname="org.mav.TestngParallel1"/>
  <testcase name="test6" time="0.087" classname="org.mav.TestngParallel1"/>
  <testcase name="test7" time="0.005" classname="org.mav.TestngParallel1"/>
  <testcase name="test8" time="0.008" classname="org.mav.TestngParallel1"/>
</testsuite> <!-- org.mav.TestngParallel1 -->
