<?xml version="1.0" encoding="UTF-8"?>
<!-- Generated by org.testng.reporters.JUnitReportReporter -->
<testsuite skipped="0" hostname="Lenovo" name="org.mav.TestngData" tests="3" failures="0" timestamp="18 Aug 2021 06:51:14 GMT" time="40.428" errors="0">
  <testcase name="data" time="12.728" classname="org.mav.TestngData"/>
  <testcase name="data" time="16.345" classname="org.mav.TestngData"/>
  <testcase name="data" time="11.355" classname="org.mav.TestngData"/>
</testsuite> <!-- org.mav.TestngData -->
