<?xml version="1.0" encoding="UTF-8"?>
<!-- Generated by org.testng.reporters.JUnitReportReporter -->
<testsuite skipped="0" hostname="Lenovo" name="org.mav.TestngMethods" tests="15" failures="0" timestamp="19 Aug 2021 15:54:23 GMT" time="384.452" errors="0">
  <testcase name="Browser3" time="16.729" classname="org.mav.TestngMethods"/>
  <testcase name="Browser1" time="23.550" classname="org.mav.TestngMethods"/>
  <testcase name="Browser4" time="30.629" classname="org.mav.TestngMethods"/>
  <testcase name="Browser2" time="20.441" classname="org.mav.TestngMethods"/>
  <testcase name="Browser" time="28.367" classname="org.mav.TestngMethods"/>
  <testcase name="Browser1" time="25.015" classname="org.mav.TestngMethods"/>
  <testcase name="Browser2" time="19.591" classname="org.mav.TestngMethods"/>
  <testcase name="Browser" time="28.601" classname="org.mav.TestngMethods"/>
  <testcase name="Browser3" time="30.487" classname="org.mav.TestngMethods"/>
  <testcase name="Browser" time="29.017" classname="org.mav.TestngMethods"/>
  <testcase name="Browser4" time="22.210" classname="org.mav.TestngMethods"/>
  <testcase name="Browser1" time="37.803" classname="org.mav.TestngMethods"/>
  <testcase name="Browser4" time="30.897" classname="org.mav.TestngMethods"/>
  <testcase name="Browser3" time="19.531" classname="org.mav.TestngMethods"/>
  <testcase name="Browser2" time="21.584" classname="org.mav.TestngMethods"/>
</testsuite> <!-- org.mav.TestngMethods -->
