<?xml version="1.0" encoding="UTF-8"?>
<!-- Generated by org.testng.reporters.JUnitReportReporter -->
<testsuite skipped="0" hostname="Lenovo" name="org.mav.TestngPara" tests="1" failures="0" timestamp="18 Aug 2021 10:52:41 GMT" time="36.344" errors="0">
  <testcase name="test" time="36.344" classname="org.mav.TestngPara"/>
</testsuite> <!-- org.mav.TestngPara -->
