<?xml version="1.0" encoding="UTF-8"?>
<!-- Generated by org.testng.reporters.JUnitReportReporter -->
<testsuite skipped="0" hostname="Lenovo" name="org.mav.TestngLearning" tests="5" failures="0" timestamp="17 Aug 2021 06:05:05 GMT" time="0.075" errors="0">
  <testcase name="test2" time="0.006" classname="org.mav.TestngLearning"/>
  <testcase name="test5" time="0.007" classname="org.mav.TestngLearning"/>
  <testcase name="test4" time="0.008" classname="org.mav.TestngLearning"/>
  <testcase name="test1" time="0.047" classname="org.mav.TestngLearning"/>
  <testcase name="test3" time="0.007" classname="org.mav.TestngLearning"/>
</testsuite> <!-- org.mav.TestngLearning -->
